<?xml version="1.0" encoding="UTF-8"?>
<!-- Generated by org.testng.reporters.JUnitReportReporter -->
<testsuite skipped="0" hostname="AashirHaq" name="com.home.testcases.LoginTest" tests="1" failures="0" timestamp="09 Feb 2019 16:28:57 GMT" time="3.183" errors="0">
  <testcase name="loginAsBankManager" time="3.183" classname="com.home.testcases.LoginTest"/>
</testsuite> <!-- com.home.testcases.LoginTest -->
